  DavilexConverter.cpp
C:\Users\Admin\source\repos\DavilexConverter\DavilexConverter\BinaryFileWork.h(116,20): warning C4267: -=: преобразование из "size_t" в "int"; возможна потеря данных
  (компиляция исходного файла "DavilexConverter.cpp")
  
C:\Users\Admin\source\repos\DavilexConverter\DavilexConverter\BinaryFileWork.h(168,13): warning C4267: инициализация: преобразование из "size_t" в "int"; возможна потеря данных
  (компиляция исходного файла "DavilexConverter.cpp")
  
C:\Users\Admin\source\repos\DavilexConverter\DavilexConverter\BinaryFileWork.h(217,25): warning C4267: аргумент: преобразование из "size_t" в "DWORD"; возможна потеря данных
  (компиляция исходного файла "DavilexConverter.cpp")
  
C:\Users\Admin\source\repos\DavilexConverter\DavilexConverter\d3d2obj.h(71,22): warning C4018: <: несоответствие типов со знаком и без знака
  (компиляция исходного файла "DavilexConverter.cpp")
  
C:\Users\Admin\source\repos\DavilexConverter\DavilexConverter\d3d2obj.h(90,22): warning C4018: <: несоответствие типов со знаком и без знака
  (компиляция исходного файла "DavilexConverter.cpp")
  
C:\Users\Admin\source\repos\DavilexConverter\DavilexConverter\d3d2obj.h(118,22): warning C4018: <: несоответствие типов со знаком и без знака
  (компиляция исходного файла "DavilexConverter.cpp")
  
C:\Users\Admin\source\repos\DavilexConverter\DavilexConverter\d3d2obj.h(126,22): warning C4018: <: несоответствие типов со знаком и без знака
  (компиляция исходного файла "DavilexConverter.cpp")
  
C:\Users\Admin\source\repos\DavilexConverter\DavilexConverter\d3d2obj.h(133,22): warning C4018: <: несоответствие типов со знаком и без знака
  (компиляция исходного файла "DavilexConverter.cpp")
  
C:\Users\Admin\source\repos\DavilexConverter\DavilexConverter\d3d2obj.h(141,22): warning C4018: <: несоответствие типов со знаком и без знака
  (компиляция исходного файла "DavilexConverter.cpp")
  
C:\Users\Admin\source\repos\DavilexConverter\DavilexConverter\parser.h(97,18): warning C4267: return: преобразование из "size_t" в "int"; возможна потеря данных
  (компиляция исходного файла "DavilexConverter.cpp")
  
C:\Users\Admin\source\repos\DavilexConverter\DavilexConverter\parser.h(102,19): warning C4267: return: преобразование из "size_t" в "int"; возможна потеря данных
  (компиляция исходного файла "DavilexConverter.cpp")
  
C:\Users\Admin\source\repos\DavilexConverter\DavilexConverter\parser.h(107,19): warning C4267: return: преобразование из "size_t" в "int"; возможна потеря данных
  (компиляция исходного файла "DavilexConverter.cpp")
  
C:\Users\Admin\source\repos\DavilexConverter\DavilexConverter\parser.h(112,18): warning C4267: return: преобразование из "size_t" в "int"; возможна потеря данных
  (компиляция исходного файла "DavilexConverter.cpp")
  
C:\Users\Admin\source\repos\DavilexConverter\DavilexConverter\obj2d3d.h(54,22): warning C4309: аргумент: усечение константного значения
  (компиляция исходного файла "DavilexConverter.cpp")
  
  Создание кода
  2 of 626 functions ( 0.3%) were compiled, the rest were copied from previous compilation.
    0 functions were new in current compilation
    0 functions had inline decision re-evaluated but remain unchanged
  Создание кода завершено
  DavilexConverter.vcxproj -> C:\Users\Admin\source\repos\DavilexConverter\x64\Release\DavilexConverter.exe
